TN:
SF:tests\spec\e2e.spec.ts
FN:9,_getRequireWildcardCache
FN:10,(anonymous_3)
FN:20,(anonymous_4)
FN:32,(anonymous_5)
FN:34,(anonymous_6)
FN:39,(anonymous_7)
FN:44,(anonymous_8)
FN:50,(anonymous_9)
FN:54,(anonymous_10)
FN:58,(anonymous_11)
FN:62,(anonymous_12)
FN:66,(anonymous_13)
FN:70,(anonymous_14)
FN:74,(anonymous_15)
FN:78,(anonymous_16)
FN:82,(anonymous_17)
FN:86,(anonymous_18)
FNF:17
FNH:17
FNDA:4,_getRequireWildcardCache
FNDA:4,(anonymous_3)
FNDA:3,(anonymous_4)
FNDA:3,(anonymous_5)
FNDA:3,(anonymous_6)
FNDA:3,(anonymous_7)
FNDA:3,(anonymous_8)
FNDA:3,(anonymous_9)
FNDA:3,(anonymous_10)
FNDA:3,(anonymous_11)
FNDA:3,(anonymous_12)
FNDA:3,(anonymous_13)
FNDA:3,(anonymous_14)
FNDA:3,(anonymous_15)
FNDA:3,(anonymous_16)
FNDA:3,(anonymous_17)
FNDA:3,(anonymous_18)
DA:1,4
DA:3,4
DA:4,4
DA:5,4
DA:6,4
DA:7,4
DA:8,4
DA:9,8
DA:10,4
DA:20,4
DA:21,3
DA:22,3
DA:23,3
DA:24,3
DA:25,3
DA:26,3
DA:27,3
DA:28,3
DA:29,3
DA:30,3
DA:32,4
DA:34,3
DA:35,3
DA:36,3
DA:39,3
DA:40,3
DA:41,3
DA:44,3
DA:45,3
DA:46,3
DA:47,3
DA:50,3
DA:51,3
DA:54,3
DA:55,3
DA:58,3
DA:59,3
DA:62,3
DA:63,3
DA:66,3
DA:67,3
DA:70,3
DA:71,3
DA:74,3
DA:75,3
DA:78,3
DA:79,3
DA:82,3
DA:83,3
DA:86,3
DA:87,3
DA:88,3
LF:52
LH:52
BRDA:9,0,0,4
BRDA:9,0,1,0
BRDA:9,1,0,4
BRDA:9,1,1,4
BRDA:9,1,2,4
BRF:5
BRH:4
end_of_record
TN:
SF:tests\spec\login.spec.ts
FN:4,_getRequireWildcardCache
FN:5,(anonymous_3)
FN:9,(anonymous_4)
FN:16,(anonymous_5)
FN:22,(anonymous_6)
FNF:5
FNH:5
FNDA:7,_getRequireWildcardCache
FNDA:7,(anonymous_3)
FNDA:6,(anonymous_4)
FNDA:3,(anonymous_5)
FNDA:3,(anonymous_6)
DA:1,7
DA:2,7
DA:3,7
DA:4,14
DA:5,7
DA:9,7
DA:10,6
DA:11,6
DA:12,6
DA:13,6
DA:16,7
DA:17,3
DA:18,3
DA:19,3
DA:22,7
DA:23,3
DA:24,3
DA:25,3
LF:18
LH:18
BRDA:4,0,0,7
BRDA:4,0,1,0
BRDA:4,1,0,7
BRDA:4,1,1,7
BRDA:4,1,2,7
BRF:5
BRH:4
end_of_record
