TN:
SF:playwright.config.js
FNF:0
FNH:0
DA:2,4
DA:3,4
DA:13,4
LF:3
LH:3
BRDA:22,0,0,0
BRDA:22,0,1,4
BRDA:24,1,0,0
BRDA:24,1,1,4
BRF:4
BRH:2
end_of_record
TN:
SF:util\readExcelFile.ts
FN:1,_interopRequireDefault
FN:5,(anonymous_1)
FN:24,(anonymous_2)
FN:46,(anonymous_3)
FNF:4
FNH:4
FNDA:4,_interopRequireDefault
FNDA:3,(anonymous_1)
FNDA:1,(anonymous_2)
FNDA:1,(anonymous_3)
DA:1,4
DA:6,3
DA:7,3
DA:8,3
DA:9,3
DA:10,0
DA:14,3
DA:15,3
DA:16,6
DA:17,6
DA:18,6
DA:21,3
DA:25,1
DA:26,1
DA:27,1
DA:28,1
DA:29,0
DA:33,1
DA:34,1
DA:35,1
DA:36,4
DA:37,4
DA:38,3
DA:40,4
DA:43,1
DA:47,1
DA:48,1
DA:49,1
DA:50,1
DA:51,0
DA:55,1
DA:56,1
DA:57,3
DA:58,3
DA:59,3
DA:63,1
DA:65,4
LF:37
LH:34
BRDA:1,0,0,4
BRDA:1,0,1,8
BRDA:9,1,0,0
BRDA:9,1,1,3
BRDA:17,2,0,6
BRDA:17,2,1,0
BRDA:28,3,0,0
BRDA:28,3,1,1
BRDA:37,4,0,3
BRDA:37,4,1,1
BRDA:50,5,0,0
BRDA:50,5,1,1
BRDA:58,6,0,3
BRDA:58,6,1,0
BRF:14
BRH:9
end_of_record
